{"meta": {"format": 3, "version": "7.10.7", "timestamp": "2025-09-28T14:19:05.019216", "branch_coverage": false, "show_contexts": false}, "files": {"populate_endpoint_docs.py": {"executed_lines": [], "summary": {"covered_lines": 0, "num_statements": 114, "percent_covered": 0.0, "percent_covered_display": "0.00", "missing_lines": 114, "excluded_lines": 5}, "missing_lines": [7, 8, 9, 10, 12, 14, 15, 17, 20, 21, 22, 23, 24, 26, 28, 29, 31, 32, 33, 34, 35, 36, 38, 39, 41, 43, 45, 46, 48, 49, 51, 53, 55, 56, 58, 59, 60, 62, 64, 66, 67, 68, 69, 70, 71, 72, 73, 74, 76, 122, 124, 126, 127, 129, 132, 133, 134, 136, 138, 140, 141, 143, 144, 145, 146, 148, 149, 151, 152, 154, 155, 157, 158, 159, 161, 162, 164, 165, 167, 168, 170, 172, 173, 174, 175, 177, 178, 179, 180, 181, 182, 184, 186, 188, 189, 191, 193, 194, 195, 196, 198, 213, 214, 216, 218, 219, 220, 221, 222, 223, 225, 230, 231, 233], "excluded_lines": [235, 236, 237, 238, 239], "functions": {"load_encyclopedia": {"executed_lines": [], "summary": {"covered_lines": 0, "num_statements": 2, "percent_covered": 0.0, "percent_covered_display": "0.00", "missing_lines": 2, "excluded_lines": 0}, "missing_lines": [14, 15], "excluded_lines": []}, "sanitize_filename": {"executed_lines": [], "summary": {"covered_lines": 0, "num_statements": 5, "percent_covered": 0.0, "percent_covered_display": "0.00", "missing_lines": 5, "excluded_lines": 0}, "missing_lines": [20, 21, 22, 23, 24], "excluded_lines": []}, "format_parameters": {"executed_lines": [], "summary": {"covered_lines": 0, "num_statements": 11, "percent_covered": 0.0, "percent_covered_display": "0.00", "missing_lines": 11, "excluded_lines": 0}, "missing_lines": [28, 29, 31, 32, 33, 34, 35, 36, 38, 39, 41], "excluded_lines": []}, "format_schema": {"executed_lines": [], "summary": {"covered_lines": 0, "num_statements": 5, "percent_covered": 0.0, "percent_covered_display": "0.00", "missing_lines": 5, "excluded_lines": 0}, "missing_lines": [45, 46, 48, 49, 51], "excluded_lines": []}, "format_examples": {"executed_lines": [], "summary": {"covered_lines": 0, "num_statements": 6, "percent_covered": 0.0, "percent_covered_display": "0.00", "missing_lines": 6, "excluded_lines": 0}, "missing_lines": [55, 56, 58, 59, 60, 62], "excluded_lines": []}, "create_endpoint_doc": {"executed_lines": [], "summary": {"covered_lines": 0, "num_statements": 11, "percent_covered": 0.0, "percent_covered_display": "0.00", "missing_lines": 11, "excluded_lines": 0}, "missing_lines": [66, 67, 68, 69, 70, 71, 72, 73, 74, 76, 122], "excluded_lines": []}, "find_endpoint_file": {"executed_lines": [], "summary": {"covered_lines": 0, "num_statements": 7, "percent_covered": 0.0, "percent_covered_display": "0.00", "missing_lines": 7, "excluded_lines": 0}, "missing_lines": [126, 127, 129, 132, 133, 134, 136], "excluded_lines": []}, "populate_all_docs": {"executed_lines": [], "summary": {"covered_lines": 0, "num_statements": 32, "percent_covered": 0.0, "percent_covered_display": "0.00", "missing_lines": 32, "excluded_lines": 0}, "missing_lines": [140, 141, 143, 144, 145, 146, 148, 149, 151, 152, 154, 155, 157, 158, 159, 161, 162, 164, 165, 167, 168, 170, 172, 173, 174, 175, 177, 178, 179, 180, 181, 182], "excluded_lines": []}, "create_category_indexes": {"executed_lines": [], "summary": {"covered_lines": 0, "num_statements": 22, "percent_covered": 0.0, "percent_covered_display": "0.00", "missing_lines": 22, "excluded_lines": 0}, "missing_lines": [186, 188, 189, 191, 193, 194, 195, 196, 198, 213, 214, 216, 218, 219, 220, 221, 222, 223, 225, 230, 231, 233], "excluded_lines": []}, "": {"executed_lines": [], "summary": {"covered_lines": 0, "num_statements": 13, "percent_covered": 0.0, "percent_covered_display": "0.00", "missing_lines": 13, "excluded_lines": 5}, "missing_lines": [7, 8, 9, 10, 12, 17, 26, 43, 53, 64, 124, 138, 184], "excluded_lines": [235, 236, 237, 238, 239]}}, "classes": {"": {"executed_lines": [], "summary": {"covered_lines": 0, "num_statements": 114, "percent_covered": 0.0, "percent_covered_display": "0.00", "missing_lines": 114, "excluded_lines": 5}, "missing_lines": [7, 8, 9, 10, 12, 14, 15, 17, 20, 21, 22, 23, 24, 26, 28, 29, 31, 32, 33, 34, 35, 36, 38, 39, 41, 43, 45, 46, 48, 49, 51, 53, 55, 56, 58, 59, 60, 62, 64, 66, 67, 68, 69, 70, 71, 72, 73, 74, 76, 122, 124, 126, 127, 129, 132, 133, 134, 136, 138, 140, 141, 143, 144, 145, 146, 148, 149, 151, 152, 154, 155, 157, 158, 159, 161, 162, 164, 165, 167, 168, 170, 172, 173, 174, 175, 177, 178, 179, 180, 181, 182, 184, 186, 188, 189, 191, 193, 194, 195, 196, 198, 213, 214, 216, 218, 219, 220, 221, 222, 223, 225, 230, 231, 233], "excluded_lines": [235, 236, 237, 238, 239]}}}, "process_endpoints.py": {"executed_lines": [], "summary": {"covered_lines": 0, "num_statements": 159, "percent_covered": 0.0, "percent_covered_display": "0.00", "missing_lines": 159, "excluded_lines": 2}, "missing_lines": [6, 7, 8, 10, 13, 14, 16, 17, 19, 22, 24, 25, 28, 29, 30, 31, 32, 33, 34, 35, 36, 37, 38, 39, 40, 41, 42, 43, 44, 46, 47, 48, 49, 50, 51, 52, 53, 54, 55, 56, 57, 58, 59, 60, 61, 62, 63, 64, 65, 66, 67, 68, 69, 70, 71, 72, 73, 75, 76, 77, 79, 81, 83, 85, 88, 89, 91, 93, 94, 95, 96, 98, 100, 102, 105, 106, 109, 122, 123, 125, 126, 127, 129, 131, 134, 179, 180, 181, 182, 185, 186, 187, 188, 189, 191, 192, 194, 196, 251, 252, 254, 256, 259, 260, 262, 263, 265, 273, 274, 275, 276, 279, 281, 282, 283, 284, 287, 288, 289, 291, 293, 296, 297, 299, 420, 422, 423, 424, 425, 426, 429, 430, 433, 441, 442, 444, 446, 448, 452, 453, 456, 463, 464, 466, 468, 471, 472, 475, 478, 481, 484, 487, 488, 489, 492, 494, 495, 496, 498], "excluded_lines": [500, 501], "functions": {"load_extracted_endpoints": {"executed_lines": [], "summary": {"covered_lines": 0, "num_statements": 4, "percent_covered": 0.0, "percent_covered_display": "0.00", "missing_lines": 4, "excluded_lines": 0}, "missing_lines": [13, 14, 16, 17], "excluded_lines": []}, "categorize_endpoints": {"executed_lines": [], "summary": {"covered_lines": 0, "num_statements": 54, "percent_covered": 0.0, "percent_covered_display": "0.00", "missing_lines": 54, "excluded_lines": 0}, "missing_lines": [22, 24, 25, 28, 29, 30, 31, 32, 33, 34, 35, 36, 37, 38, 39, 40, 41, 42, 43, 44, 46, 47, 48, 49, 50, 51, 52, 53, 54, 55, 56, 57, 58, 59, 60, 61, 62, 63, 64, 65, 66, 67, 68, 69, 70, 71, 72, 73, 75, 76, 77, 79, 81, 83], "excluded_lines": []}, "generate_category_summary": {"executed_lines": [], "summary": {"covered_lines": 0, "num_statements": 9, "percent_covered": 0.0, "percent_covered_display": "0.00", "missing_lines": 9, "excluded_lines": 0}, "missing_lines": [88, 89, 91, 93, 94, 95, 96, 98, 100], "excluded_lines": []}, "create_directory_structure": {"executed_lines": [], "summary": {"covered_lines": 0, "num_statements": 9, "percent_covered": 0.0, "percent_covered_display": "0.00", "missing_lines": 9, "excluded_lines": 0}, "missing_lines": [105, 106, 109, 122, 123, 125, 126, 127, 129], "excluded_lines": []}, "generate_main_readme": {"executed_lines": [], "summary": {"covered_lines": 0, "num_statements": 17, "percent_covered": 0.0, "percent_covered_display": "0.00", "missing_lines": 17, "excluded_lines": 0}, "missing_lines": [134, 179, 180, 181, 182, 185, 186, 187, 188, 189, 191, 192, 194, 196, 251, 252, 254], "excluded_lines": []}, "generate_category_readmes": {"executed_lines": [], "summary": {"covered_lines": 0, "num_statements": 18, "percent_covered": 0.0, "percent_covered_display": "0.00", "missing_lines": 18, "excluded_lines": 0}, "missing_lines": [259, 260, 262, 263, 265, 273, 274, 275, 276, 279, 281, 282, 283, 284, 287, 288, 289, 291], "excluded_lines": []}, "generate_endpoint_templates": {"executed_lines": [], "summary": {"covered_lines": 0, "num_statements": 16, "percent_covered": 0.0, "percent_covered_display": "0.00", "missing_lines": 16, "excluded_lines": 0}, "missing_lines": [296, 297, 299, 420, 422, 423, 424, 425, 426, 429, 430, 433, 441, 442, 444, 446], "excluded_lines": []}, "save_processed_data": {"executed_lines": [], "summary": {"covered_lines": 0, "num_statements": 6, "percent_covered": 0.0, "percent_covered_display": "0.00", "missing_lines": 6, "excluded_lines": 0}, "missing_lines": [452, 453, 456, 463, 464, 466], "excluded_lines": []}, "main": {"executed_lines": [], "summary": {"covered_lines": 0, "num_statements": 14, "percent_covered": 0.0, "percent_covered_display": "0.00", "missing_lines": 14, "excluded_lines": 0}, "missing_lines": [471, 472, 475, 478, 481, 484, 487, 488, 489, 492, 494, 495, 496, 498], "excluded_lines": []}, "": {"executed_lines": [], "summary": {"covered_lines": 0, "num_statements": 12, "percent_covered": 0.0, "percent_covered_display": "0.00", "missing_lines": 12, "excluded_lines": 2}, "missing_lines": [6, 7, 8, 10, 19, 85, 102, 131, 256, 293, 448, 468], "excluded_lines": [500, 501]}}, "classes": {"": {"executed_lines": [], "summary": {"covered_lines": 0, "num_statements": 159, "percent_covered": 0.0, "percent_covered_display": "0.00", "missing_lines": 159, "excluded_lines": 2}, "missing_lines": [6, 7, 8, 10, 13, 14, 16, 17, 19, 22, 24, 25, 28, 29, 30, 31, 32, 33, 34, 35, 36, 37, 38, 39, 40, 41, 42, 43, 44, 46, 47, 48, 49, 50, 51, 52, 53, 54, 55, 56, 57, 58, 59, 60, 61, 62, 63, 64, 65, 66, 67, 68, 69, 70, 71, 72, 73, 75, 76, 77, 79, 81, 83, 85, 88, 89, 91, 93, 94, 95, 96, 98, 100, 102, 105, 106, 109, 122, 123, 125, 126, 127, 129, 131, 134, 179, 180, 181, 182, 185, 186, 187, 188, 189, 191, 192, 194, 196, 251, 252, 254, 256, 259, 260, 262, 263, 265, 273, 274, 275, 276, 279, 281, 282, 283, 284, 287, 288, 289, 291, 293, 296, 297, 299, 420, 422, 423, 424, 425, 426, 429, 430, 433, 441, 442, 444, 446, 448, 452, 453, 456, 463, 464, 466, 468, 471, 472, 475, 478, 481, 484, 487, 488, 489, 492, 494, 495, 496, 498], "excluded_lines": [500, 501]}}}, "run_tests_with_coverage.py": {"executed_lines": [], "summary": {"covered_lines": 0, "num_statements": 149, "percent_covered": 0.0, "percent_covered_display": "0.00", "missing_lines": 149, "excluded_lines": 4}, "missing_lines": [7, 8, 9, 10, 11, 12, 14, 16, 17, 19, 20, 22, 23, 24, 25, 26, 28, 29, 30, 31, 33, 34, 35, 36, 37, 38, 40, 42, 45, 46, 47, 48, 51, 52, 53, 54, 55, 57, 59, 61, 62, 65, 66, 67, 68, 71, 76, 78, 80, 81, 83, 84, 86, 87, 121, 122, 124, 127, 128, 129, 133, 134, 136, 138, 140, 141, 144, 147, 150, 153, 155, 157, 159, 160, 162, 164, 165, 166, 168, 170, 173, 174, 175, 176, 182, 184, 185, 186, 189, 190, 191, 192, 193, 194, 195, 196, 197, 198, 199, 200, 202, 203, 205, 206, 208, 215, 216, 217, 219, 221, 222, 224, 239, 240, 241, 244, 245, 247, 249, 251, 253, 254, 255, 256, 259, 262, 263, 266, 269, 272, 273, 274, 276, 277, 279, 281, 282, 284, 286, 287, 288, 289, 291, 292, 293, 294, 295, 298, 304], "excluded_lines": [90, 306, 307, 308], "functions": {"run_command": {"executed_lines": [], "summary": {"covered_lines": 0, "num_statements": 19, "percent_covered": 0.0, "percent_covered_display": "0.00", "missing_lines": 19, "excluded_lines": 0}, "missing_lines": [16, 17, 19, 20, 22, 23, 24, 25, 26, 28, 29, 30, 31, 33, 34, 35, 36, 37, 38], "excluded_lines": []}, "check_test_files": {"executed_lines": [], "summary": {"covered_lines": 0, "num_statements": 11, "percent_covered": 0.0, "percent_covered_display": "0.00", "missing_lines": 11, "excluded_lines": 0}, "missing_lines": [42, 45, 46, 47, 48, 51, 52, 53, 54, 55, 57], "excluded_lines": []}, "run_integration_tests": {"executed_lines": [], "summary": {"covered_lines": 0, "num_statements": 8, "percent_covered": 0.0, "percent_covered_display": "0.00", "missing_lines": 8, "excluded_lines": 0}, "missing_lines": [61, 62, 65, 66, 67, 68, 71, 76], "excluded_lines": []}, "run_unit_tests": {"executed_lines": [], "summary": {"covered_lines": 0, "num_statements": 15, "percent_covered": 0.0, "percent_covered_display": "0.00", "missing_lines": 15, "excluded_lines": 1}, "missing_lines": [80, 81, 83, 84, 86, 87, 121, 122, 124, 127, 128, 129, 133, 134, 136], "excluded_lines": [90]}, "generate_coverage_reports": {"executed_lines": [], "summary": {"covered_lines": 0, "num_statements": 7, "percent_covered": 0.0, "percent_covered_display": "0.00", "missing_lines": 7, "excluded_lines": 0}, "missing_lines": [140, 141, 144, 147, 150, 153, 155], "excluded_lines": []}, "analyze_coverage_results": {"executed_lines": [], "summary": {"covered_lines": 0, "num_statements": 36, "percent_covered": 0.0, "percent_covered_display": "0.00", "missing_lines": 36, "excluded_lines": 0}, "missing_lines": [159, 160, 162, 164, 165, 166, 168, 170, 173, 174, 175, 176, 182, 184, 185, 186, 189, 190, 191, 192, 193, 194, 195, 196, 197, 198, 199, 200, 202, 203, 205, 206, 208, 215, 216, 217], "excluded_lines": []}, "create_coverage_summary": {"executed_lines": [], "summary": {"covered_lines": 0, "num_statements": 10, "percent_covered": 0.0, "percent_covered_display": "0.00", "missing_lines": 10, "excluded_lines": 0}, "missing_lines": [221, 222, 224, 239, 240, 241, 244, 245, 247, 249], "excluded_lines": []}, "main": {"executed_lines": [], "summary": {"covered_lines": 0, "num_statements": 29, "percent_covered": 0.0, "percent_covered_display": "0.00", "missing_lines": 29, "excluded_lines": 0}, "missing_lines": [253, 254, 255, 256, 259, 262, 263, 266, 269, 272, 273, 274, 276, 277, 279, 281, 282, 284, 286, 287, 288, 289, 291, 292, 293, 294, 295, 298, 304], "excluded_lines": []}, "": {"executed_lines": [], "summary": {"covered_lines": 0, "num_statements": 14, "percent_covered": 0.0, "percent_covered_display": "0.00", "missing_lines": 14, "excluded_lines": 3}, "missing_lines": [7, 8, 9, 10, 11, 12, 14, 40, 59, 78, 138, 157, 219, 251], "excluded_lines": [306, 307, 308]}}, "classes": {"": {"executed_lines": [], "summary": {"covered_lines": 0, "num_statements": 149, "percent_covered": 0.0, "percent_covered_display": "0.00", "missing_lines": 149, "excluded_lines": 4}, "missing_lines": [7, 8, 9, 10, 11, 12, 14, 16, 17, 19, 20, 22, 23, 24, 25, 26, 28, 29, 30, 31, 33, 34, 35, 36, 37, 38, 40, 42, 45, 46, 47, 48, 51, 52, 53, 54, 55, 57, 59, 61, 62, 65, 66, 67, 68, 71, 76, 78, 80, 81, 83, 84, 86, 87, 121, 122, 124, 127, 128, 129, 133, 134, 136, 138, 140, 141, 144, 147, 150, 153, 155, 157, 159, 160, 162, 164, 165, 166, 168, 170, 173, 174, 175, 176, 182, 184, 185, 186, 189, 190, 191, 192, 193, 194, 195, 196, 197, 198, 199, 200, 202, 203, 205, 206, 208, 215, 216, 217, 219, 221, 222, 224, 239, 240, 241, 244, 245, 247, 249, 251, 253, 254, 255, 256, 259, 262, 263, 266, 269, 272, 273, 274, 276, 277, 279, 281, 282, 284, 286, 287, 288, 289, 291, 292, 293, 294, 295, 298, 304], "excluded_lines": [90, 306, 307, 308]}}}, "update_with_real_data.py": {"executed_lines": [], "summary": {"covered_lines": 0, "num_statements": 110, "percent_covered": 0.0, "percent_covered_display": "0.00", "missing_lines": 110, "excluded_lines": 2}, "missing_lines": [6, 7, 9, 12, 13, 16, 60, 63, 66, 69, 72, 74, 76, 79, 81, 82, 83, 84, 87, 90, 91, 94, 96, 97, 99, 101, 104, 105, 106, 108, 131, 132, 133, 134, 136, 137, 138, 140, 142, 145, 146, 147, 148, 150, 151, 152, 153, 156, 157, 158, 159, 160, 161, 162, 163, 166, 167, 169, 170, 171, 173, 174, 175, 176, 178, 181, 184, 185, 203, 204, 207, 225, 226, 230, 231, 232, 235, 242, 279, 281, 284, 294, 296, 299, 301, 373, 374, 375, 377, 379, 382, 384, 477, 478, 480, 482, 485, 487, 488, 489, 491, 493, 496, 497, 499, 501, 502, 503, 504, 505], "excluded_lines": [507, 508], "functions": {"process_real_data": {"executed_lines": [], "summary": {"covered_lines": 0, "num_statements": 9, "percent_covered": 0.0, "percent_covered_display": "0.00", "missing_lines": 9, "excluded_lines": 0}, "missing_lines": [12, 13, 16, 60, 63, 66, 69, 72, 74], "excluded_lines": []}, "create_enhanced_documentation": {"executed_lines": [], "summary": {"covered_lines": 0, "num_statements": 12, "percent_covered": 0.0, "percent_covered_display": "0.00", "missing_lines": 12, "excluded_lines": 0}, "missing_lines": [79, 81, 82, 83, 84, 87, 90, 91, 94, 96, 97, 99], "excluded_lines": []}, "generate_real_endpoint_doc": {"executed_lines": [], "summary": {"covered_lines": 0, "num_statements": 53, "percent_covered": 0.0, "percent_covered_display": "0.00", "missing_lines": 53, "excluded_lines": 0}, "missing_lines": [104, 105, 106, 108, 131, 132, 133, 134, 136, 137, 138, 140, 142, 145, 146, 147, 148, 150, 151, 152, 153, 156, 157, 158, 159, 160, 161, 162, 163, 166, 167, 169, 170, 171, 173, 174, 175, 176, 178, 181, 184, 185, 203, 204, 207, 225, 226, 230, 231, 232, 235, 242, 279], "excluded_lines": []}, "get_field_description": {"executed_lines": [], "summary": {"covered_lines": 0, "num_statements": 2, "percent_covered": 0.0, "percent_covered_display": "0.00", "missing_lines": 2, "excluded_lines": 0}, "missing_lines": [284, 294], "excluded_lines": []}, "create_ai_guides": {"executed_lines": [], "summary": {"covered_lines": 0, "num_statements": 6, "percent_covered": 0.0, "percent_covered_display": "0.00", "missing_lines": 6, "excluded_lines": 0}, "missing_lines": [299, 301, 373, 374, 375, 377], "excluded_lines": []}, "update_main_readme_with_real_data": {"executed_lines": [], "summary": {"covered_lines": 0, "num_statements": 5, "percent_covered": 0.0, "percent_covered_display": "0.00", "missing_lines": 5, "excluded_lines": 0}, "missing_lines": [382, 384, 477, 478, 480], "excluded_lines": []}, "commit_real_data_updates": {"executed_lines": [], "summary": {"covered_lines": 0, "num_statements": 5, "percent_covered": 0.0, "percent_covered_display": "0.00", "missing_lines": 5, "excluded_lines": 0}, "missing_lines": [485, 487, 488, 489, 491], "excluded_lines": []}, "main": {"executed_lines": [], "summary": {"covered_lines": 0, "num_statements": 8, "percent_covered": 0.0, "percent_covered_display": "0.00", "missing_lines": 8, "excluded_lines": 0}, "missing_lines": [496, 497, 499, 501, 502, 503, 504, 505], "excluded_lines": []}, "": {"executed_lines": [], "summary": {"covered_lines": 0, "num_statements": 10, "percent_covered": 0.0, "percent_covered_display": "0.00", "missing_lines": 10, "excluded_lines": 2}, "missing_lines": [6, 7, 9, 76, 101, 281, 296, 379, 482, 493], "excluded_lines": [507, 508]}}, "classes": {"": {"executed_lines": [], "summary": {"covered_lines": 0, "num_statements": 110, "percent_covered": 0.0, "percent_covered_display": "0.00", "missing_lines": 110, "excluded_lines": 2}, "missing_lines": [6, 7, 9, 12, 13, 16, 60, 63, 66, 69, 72, 74, 76, 79, 81, 82, 83, 84, 87, 90, 91, 94, 96, 97, 99, 101, 104, 105, 106, 108, 131, 132, 133, 134, 136, 137, 138, 140, 142, 145, 146, 147, 148, 150, 151, 152, 153, 156, 157, 158, 159, 160, 161, 162, 163, 166, 167, 169, 170, 171, 173, 174, 175, 176, 178, 181, 184, 185, 203, 204, 207, 225, 226, 230, 231, 232, 235, 242, 279, 281, 284, 294, 296, 299, 301, 373, 374, 375, 377, 379, 382, 384, 477, 478, 480, 482, 485, 487, 488, 489, 491, 493, 496, 497, 499, 501, 502, 503, 504, 505], "excluded_lines": [507, 508]}}}}, "totals": {"covered_lines": 0, "num_statements": 532, "percent_covered": 0.0, "percent_covered_display": "0.00", "missing_lines": 532, "excluded_lines": 13}}